mode: set
tcpconn/example_usage.go:22.63,23.21 1 1
tcpconn/example_usage.go:23.21,25.3 1 0
tcpconn/example_usage.go:27.2,28.16 2 1
tcpconn/example_usage.go:28.16,30.3 1 0
tcpconn/example_usage.go:32.2,33.16 2 1
tcpconn/example_usage.go:33.16,35.3 1 0
tcpconn/example_usage.go:37.2,42.8 1 1
tcpconn/example_usage.go:46.41,50.58 3 1
tcpconn/example_usage.go:50.58,52.3 1 0
tcpconn/example_usage.go:55.2,55.54 1 1
tcpconn/example_usage.go:55.54,57.3 1 0
tcpconn/example_usage.go:59.2,59.12 1 1
tcpconn/example_usage.go:63.40,67.59 3 1
tcpconn/example_usage.go:67.59,69.3 1 0
tcpconn/example_usage.go:71.2,71.12 1 1
tcpconn/example_usage.go:75.40,80.50 3 1
tcpconn/example_usage.go:80.50,82.3 1 0
tcpconn/example_usage.go:85.2,85.50 1 1
tcpconn/example_usage.go:85.50,87.3 1 0
tcpconn/example_usage.go:89.2,89.12 1 1
tcpconn/example_usage.go:93.57,97.14 3 1
tcpconn/example_usage.go:97.14,99.3 1 1
tcpconn/example_usage.go:101.2,101.28 1 1
tcpconn/example_usage.go:101.28,103.3 1 0
tcpconn/example_usage.go:105.2,105.34 1 1
tcpconn/example_usage.go:109.55,113.40 3 1
tcpconn/example_usage.go:113.40,115.3 1 0
tcpconn/example_usage.go:117.2,117.57 1 1
tcpconn/example_usage.go:117.57,119.3 1 0
tcpconn/example_usage.go:121.2,121.31 1 1
tcpconn/example_usage.go:125.39,129.14 3 1
tcpconn/example_usage.go:129.14,131.3 1 0
tcpconn/example_usage.go:133.2,133.52 1 1
tcpconn/example_usage.go:133.52,135.3 1 1
tcpconn/example_usage.go:137.2,138.12 2 1
tcpconn/example_usage.go:142.45,146.2 3 1
tcpconn/example_usage.go:149.44,153.2 3 1
tcpconn/example_usage.go:156.47,160.2 3 0
tcpconn/example_usage.go:163.48,167.2 3 1
tcpconn/example_usage.go:175.67,177.16 2 1
tcpconn/example_usage.go:177.16,179.3 1 0
tcpconn/example_usage.go:181.2,183.8 1 1
tcpconn/example_usage.go:187.59,188.28 1 1
tcpconn/example_usage.go:188.28,190.3 1 0
tcpconn/example_usage.go:193.2,197.49 3 1
tcpconn/example_usage.go:197.49,199.3 1 0
tcpconn/example_usage.go:202.2,202.47 1 1
tcpconn/example_usage.go:202.47,204.3 1 0
tcpconn/example_usage.go:206.2,206.12 1 1
tcpconn/example_usage.go:210.61,215.20 3 1
tcpconn/example_usage.go:215.20,217.17 2 1
tcpconn/example_usage.go:217.17,219.4 1 0
tcpconn/example_usage.go:220.3,221.20 2 1
tcpconn/example_usage.go:221.20,223.4 1 0
tcpconn/example_usage.go:227.2,228.17 2 1
tcpconn/example_usage.go:228.17,230.3 1 1
tcpconn/example_usage.go:233.2,236.30 3 1
tcpconn/example_usage.go:236.30,238.17 2 1
tcpconn/example_usage.go:238.17,240.4 1 0
tcpconn/example_usage.go:241.3,242.30 2 1
tcpconn/example_usage.go:242.30,244.4 1 0
tcpconn/example_usage.go:247.2,247.18 1 1
tcpconn/example_usage.go:251.44,253.2 1 1
tcpconn/example_usage.go:256.42,258.2 1 0
tcpconn/example_usage.go:268.67,270.16 2 1
tcpconn/example_usage.go:270.16,272.3 1 0
tcpconn/example_usage.go:274.2,277.8 1 1
tcpconn/example_usage.go:281.86,285.2 3 1
tcpconn/example_usage.go:288.59,289.49 1 1
tcpconn/example_usage.go:289.49,291.3 1 0
tcpconn/example_usage.go:293.2,293.29 1 1
tcpconn/example_usage.go:297.52,298.6 1 1
tcpconn/example_usage.go:298.6,300.32 1 1
tcpconn/example_usage.go:300.32,301.9 1 1
tcpconn/example_usage.go:305.3,306.51 2 1
tcpconn/example_usage.go:306.51,308.4 1 0
tcpconn/example_usage.go:310.3,314.44 3 1
tcpconn/example_usage.go:314.44,315.9 1 1
tcpconn/example_usage.go:319.3,323.52 3 1
tcpconn/example_usage.go:323.52,325.4 1 0
tcpconn/example_usage.go:328.3,332.13 4 1
tcpconn/example_usage.go:332.13,333.43 1 1
tcpconn/example_usage.go:333.43,335.5 1 0
tcpconn/example_usage.go:339.2,339.12 1 1
tcpconn/example_usage.go:352.74,353.18 1 1
tcpconn/example_usage.go:353.18,355.3 1 0
tcpconn/example_usage.go:357.2,364.18 2 1
tcpconn/example_usage.go:368.61,372.9 2 1
tcpconn/example_usage.go:373.29,376.19 3 1
tcpconn/example_usage.go:377.10,379.39 1 1
tcpconn/example_usage.go:379.39,381.18 2 1
tcpconn/example_usage.go:381.18,384.5 2 0
tcpconn/example_usage.go:385.4,387.20 3 1
tcpconn/example_usage.go:391.2,398.18 6 1
tcpconn/example_usage.go:402.62,407.35 3 1
tcpconn/example_usage.go:407.35,408.16 1 1
tcpconn/example_usage.go:408.16,409.11 1 1
tcpconn/example_usage.go:410.27,411.15 1 1
tcpconn/example_usage.go:412.12,413.61 1 0
tcpconn/example_usage.go:418.2,418.51 1 0
tcpconn/example_usage.go:422.41,427.38 4 1
tcpconn/example_usage.go:427.38,428.38 1 1
tcpconn/example_usage.go:428.38,430.4 1 1
tcpconn/example_usage.go:433.2,434.16 2 1
tcpconn/ringbuffer.go:30.55,31.19 1 1
tcpconn/ringbuffer.go:31.19,33.3 1 1
tcpconn/ringbuffer.go:35.2,41.8 1 1
tcpconn/ringbuffer.go:46.55,47.20 1 1
tcpconn/ringbuffer.go:47.20,49.3 1 1
tcpconn/ringbuffer.go:51.2,55.25 4 1
tcpconn/ringbuffer.go:55.25,57.3 1 1
tcpconn/ringbuffer.go:59.2,60.30 2 1
tcpconn/ringbuffer.go:60.30,62.3 1 0
tcpconn/ringbuffer.go:64.2,64.31 1 1
tcpconn/ringbuffer.go:64.31,67.3 2 1
tcpconn/ringbuffer.go:69.2,70.21 2 1
tcpconn/ringbuffer.go:74.51,75.20 1 1
tcpconn/ringbuffer.go:75.20,77.3 1 0
tcpconn/ringbuffer.go:79.2,83.32 4 1
tcpconn/ringbuffer.go:83.32,85.3 1 1
tcpconn/ringbuffer.go:87.2,87.33 1 1
tcpconn/ringbuffer.go:87.33,90.3 2 1
tcpconn/ringbuffer.go:92.2,93.12 2 1
tcpconn/ringbuffer.go:98.54,99.20 1 1
tcpconn/ringbuffer.go:99.20,101.3 1 0
tcpconn/ringbuffer.go:103.2,106.18 3 1
tcpconn/ringbuffer.go:106.18,108.3 1 1
tcpconn/ringbuffer.go:110.2,111.22 2 1
tcpconn/ringbuffer.go:111.22,113.3 1 1
tcpconn/ringbuffer.go:115.2,115.30 1 1
tcpconn/ringbuffer.go:115.30,118.3 2 1
tcpconn/ringbuffer.go:120.2,121.20 2 1
tcpconn/ringbuffer.go:125.40,129.18 3 1
tcpconn/ringbuffer.go:129.18,131.3 1 1
tcpconn/ringbuffer.go:133.2,134.31 2 1
tcpconn/ringbuffer.go:134.31,137.3 2 1
tcpconn/ringbuffer.go:139.2,140.13 2 1
tcpconn/ringbuffer.go:144.54,145.20 1 1
tcpconn/ringbuffer.go:145.20,147.3 1 0
tcpconn/ringbuffer.go:149.2,152.18 3 1
tcpconn/ringbuffer.go:152.18,154.3 1 1
tcpconn/ringbuffer.go:156.2,157.22 2 1
tcpconn/ringbuffer.go:157.22,159.3 1 0
tcpconn/ringbuffer.go:161.2,162.30 2 1
tcpconn/ringbuffer.go:162.30,165.3 2 1
tcpconn/ringbuffer.go:167.2,167.20 1 1
tcpconn/ringbuffer.go:171.41,172.11 1 1
tcpconn/ringbuffer.go:172.11,174.3 1 1
tcpconn/ringbuffer.go:176.2,179.17 3 1
tcpconn/ringbuffer.go:179.17,181.3 1 1
tcpconn/ringbuffer.go:183.2,185.12 3 1
tcpconn/ringbuffer.go:189.39,193.2 3 1
tcpconn/ringbuffer.go:196.39,200.2 3 1
tcpconn/ringbuffer.go:203.38,205.2 1 1
tcpconn/ringbuffer.go:208.38,212.2 3 1
tcpconn/ringbuffer.go:215.37,219.2 3 1
tcpconn/ringbuffer.go:222.31,228.2 5 1
tcpconn/tcpstate.go:45.35,46.11 1 1
tcpconn/tcpstate.go:47.14,48.18 1 1
tcpconn/tcpstate.go:49.14,50.18 1 1
tcpconn/tcpstate.go:51.16,52.20 1 1
tcpconn/tcpstate.go:53.20,54.24 1 1
tcpconn/tcpstate.go:55.19,56.23 1 1
tcpconn/tcpstate.go:57.18,58.22 1 1
tcpconn/tcpstate.go:59.18,60.22 1 1
tcpconn/tcpstate.go:61.18,62.22 1 1
tcpconn/tcpstate.go:63.15,64.19 1 1
tcpconn/tcpstate.go:65.16,66.20 1 1
tcpconn/tcpstate.go:67.17,68.21 1 1
tcpconn/tcpstate.go:69.10,70.39 1 0
tcpconn/tcpstate.go:101.35,102.11 1 1
tcpconn/tcpstate.go:103.20,104.24 1 1
tcpconn/tcpstate.go:105.19,106.23 1 1
tcpconn/tcpstate.go:107.11,108.15 1 1
tcpconn/tcpstate.go:109.15,110.19 1 1
tcpconn/tcpstate.go:111.11,112.15 1 1
tcpconn/tcpstate.go:113.11,114.15 1 1
tcpconn/tcpstate.go:115.15,116.19 1 1
tcpconn/tcpstate.go:117.13,118.17 1 1
tcpconn/tcpstate.go:119.15,120.19 1 1
tcpconn/tcpstate.go:121.11,122.15 1 1
tcpconn/tcpstate.go:123.10,124.39 1 0
tcpconn/tcpstate.go:152.44,158.2 1 1
tcpconn/tcpstate.go:161.75,165.2 3 1
tcpconn/tcpstate.go:168.63,172.2 3 1
tcpconn/tcpstate.go:175.48,179.2 3 1
tcpconn/tcpstate.go:182.63,189.16 5 1
tcpconn/tcpstate.go:189.16,190.24 1 1
tcpconn/tcpstate.go:190.24,192.4 1 1
tcpconn/tcpstate.go:193.3,193.13 1 1
tcpconn/tcpstate.go:196.2,205.29 3 1
tcpconn/tcpstate.go:205.29,207.3 1 1
tcpconn/tcpstate.go:209.2,209.12 1 1
tcpconn/tcpstate.go:213.89,215.18 1 1
tcpconn/tcpstate.go:215.18,217.3 1 1
tcpconn/tcpstate.go:219.2,219.15 1 1
tcpconn/tcpstate.go:220.14,221.16 1 1
tcpconn/tcpstate.go:222.21,223.22 1 1
tcpconn/tcpstate.go:224.20,225.24 1 1
tcpconn/tcpstate.go:228.14,229.16 1 1
tcpconn/tcpstate.go:230.12,231.28 1 1
tcpconn/tcpstate.go:232.14,233.22 1 0
tcpconn/tcpstate.go:236.16,237.16 1 1
tcpconn/tcpstate.go:238.16,239.27 1 1
tcpconn/tcpstate.go:240.12,241.28 1 0
tcpconn/tcpstate.go:242.14,243.22 1 0
tcpconn/tcpstate.go:244.16,245.22 1 1
tcpconn/tcpstate.go:248.20,249.16 1 1
tcpconn/tcpstate.go:250.12,251.27 1 1
tcpconn/tcpstate.go:252.14,253.26 1 0
tcpconn/tcpstate.go:254.16,255.22 1 0
tcpconn/tcpstate.go:258.19,259.16 1 1
tcpconn/tcpstate.go:260.12,261.26 1 1
tcpconn/tcpstate.go:262.14,263.26 1 1
tcpconn/tcpstate.go:266.18,267.16 1 1
tcpconn/tcpstate.go:268.12,269.23 1 1
tcpconn/tcpstate.go:270.12,271.26 1 1
tcpconn/tcpstate.go:272.16,273.25 1 1
tcpconn/tcpstate.go:276.18,277.16 1 1
tcpconn/tcpstate.go:278.12,279.25 1 1
tcpconn/tcpstate.go:282.18,283.16 1 1
tcpconn/tcpstate.go:284.14,285.24 1 1
tcpconn/tcpstate.go:288.15,289.16 1 1
tcpconn/tcpstate.go:290.12,291.25 1 1
tcpconn/tcpstate.go:294.16,295.16 1 1
tcpconn/tcpstate.go:296.12,297.22 1 1
tcpconn/tcpstate.go:300.17,301.16 1 1
tcpconn/tcpstate.go:302.16,303.22 1 1
tcpconn/tcpstate.go:307.2,308.38 1 1
tcpconn/tcpstate.go:312.69,316.51 2 1
tcpconn/tcpstate.go:316.51,318.3 1 0
tcpconn/tcpstate.go:322.59,330.2 5 1
tcpconn/tcpstate.go:333.43,337.2 3 1
tcpconn/tcpstate.go:340.36,345.2 4 1
tcpconn/tcpstate.go:348.47,352.2 3 1
tcpconn/tcpstate.go:355.44,359.2 3 1
tcpconn/tcpstate.go:362.45,371.2 3 1
tcpconn/tcpstate.go:374.47,378.2 3 1
tcpconn/tcpstate.go:381.50,387.2 3 1
